Using pre-set license
Built from '2021.3/staging' branch; Version is '2021.3.31f1 (3409e2af086f) revision 3410402'; Using compiler version '192829333'; Build Type 'Release'
OS: 'Windows 10  (10.0.19045) 64bit Education' Language: 'de' Physical Memory: 32541 MB
BatchMode: 1, IsHumanControllingUs: 0, StartBugReporterOnCrash: 0, Is64bit: 1, IsPro: 1

COMMAND LINE ARGUMENTS:
C:\Program Files\Unity\Hub\Editor\2021.3.31f1\Editor\Unity.exe
-adb2
-batchMode
-noUpm
-name
AssetImportWorker0
-projectPath
D:/1_uni/3_master_tu/2_level/virtual_reality_ue/assignment/group/vr-ue-ue3-tobi
-logFile
Logs/AssetImportWorker0.log
-srvPort
61066
Successfully changed project path to: D:/1_uni/3_master_tu/2_level/virtual_reality_ue/assignment/group/vr-ue-ue3-tobi
D:/1_uni/3_master_tu/2_level/virtual_reality_ue/assignment/group/vr-ue-ue3-tobi
[UnityMemory] Configuration Parameters - Can be set up in boot.config
    "memorysetup-bucket-allocator-granularity=16"
    "memorysetup-bucket-allocator-bucket-count=8"
    "memorysetup-bucket-allocator-block-size=33554432"
    "memorysetup-bucket-allocator-block-count=8"
    "memorysetup-main-allocator-block-size=16777216"
    "memorysetup-thread-allocator-block-size=16777216"
    "memorysetup-gfx-main-allocator-block-size=16777216"
    "memorysetup-gfx-thread-allocator-block-size=16777216"
    "memorysetup-cache-allocator-block-size=4194304"
    "memorysetup-typetree-allocator-block-size=2097152"
    "memorysetup-profiler-bucket-allocator-granularity=16"
    "memorysetup-profiler-bucket-allocator-bucket-count=8"
    "memorysetup-profiler-bucket-allocator-block-size=33554432"
    "memorysetup-profiler-bucket-allocator-block-count=8"
    "memorysetup-profiler-allocator-block-size=16777216"
    "memorysetup-profiler-editor-allocator-block-size=1048576"
    "memorysetup-temp-allocator-size-main=16777216"
    "memorysetup-job-temp-allocator-block-size=2097152"
    "memorysetup-job-temp-allocator-block-size-background=1048576"
    "memorysetup-job-temp-allocator-reduction-small-platforms=262144"
    "memorysetup-temp-allocator-size-background-worker=32768"
    "memorysetup-temp-allocator-size-job-worker=262144"
    "memorysetup-temp-allocator-size-preload-manager=33554432"
    "memorysetup-temp-allocator-size-nav-mesh-worker=65536"
    "memorysetup-temp-allocator-size-audio-worker=65536"
    "memorysetup-temp-allocator-size-cloud-worker=32768"
    "memorysetup-temp-allocator-size-gi-baking-worker=262144"
    "memorysetup-temp-allocator-size-gfx=262144"
Player connection [32540] Host "[IP] 192.168.56.1 [Port] 0 [Flags] 2 [Guid] 154155625 [EditorId] 154155625 [Version] 1048832 [Id] WindowsEditor(7,NANA-PC) [Debug] 1 [PackageName] WindowsEditor [ProjectName] Editor" joined multi-casting on [225.0.0.222:54997]...

Player connection [32540] Host "[IP] 192.168.56.1 [Port] 0 [Flags] 2 [Guid] 154155625 [EditorId] 154155625 [Version] 1048832 [Id] WindowsEditor(7,NANA-PC) [Debug] 1 [PackageName] WindowsEditor [ProjectName] Editor" joined alternative multi-casting on [225.0.0.222:34997]...

[Physics::Module] Initialized MultithreadedJobDispatcher with {0} workers.
Refreshing native plugins compatible for Editor in 123.03 ms, found 12 plugins.
Preloading 1 native plugins for Editor in 0.63 ms.
Initialize engine version: 2021.3.31f1 (3409e2af086f)
[Subsystems] Discovering subsystems at path C:/Program Files/Unity/Hub/Editor/2021.3.31f1/Editor/Data/Resources/UnitySubsystems
[Subsystems] Discovering subsystems at path D:/1_uni/3_master_tu/2_level/virtual_reality_ue/assignment/group/vr-ue-ue3-tobi/Assets
GfxDevice: creating device client; threaded=0; jobified=0
Direct3D:
    Version:  Direct3D 11.0 [level 11.1]
    Renderer: NVIDIA GeForce RTX 3060 (ID=0x2504)
    Vendor:   NVIDIA
    VRAM:     12142 MB
    Driver:   31.0.15.1694
Initialize mono
Mono path[0] = 'C:/Program Files/Unity/Hub/Editor/2021.3.31f1/Editor/Data/Managed'
Mono path[1] = 'C:/Program Files/Unity/Hub/Editor/2021.3.31f1/Editor/Data/MonoBleedingEdge/lib/mono/unityjit-win32'
Mono config path = 'C:/Program Files/Unity/Hub/Editor/2021.3.31f1/Editor/Data/MonoBleedingEdge/etc'
Using monoOptions --debugger-agent=transport=dt_socket,embedding=1,server=y,suspend=n,address=127.0.0.1:56992
Begin MonoManager ReloadAssembly
Registering precompiled unity dll's ...
Register platform support module: C:/Program Files/Unity/Hub/Editor/2021.3.31f1/Editor/Data/PlaybackEngines/WindowsStandaloneSupport/UnityEditor.WindowsStandalone.Extensions.dll
Registered in 0.008366 seconds.
Native extension for WindowsStandalone target not found
Refreshing native plugins compatible for Editor in 111.16 ms, found 12 plugins.
Preloading 1 native plugins for Editor in 0.08 ms.
Mono: successfully reloaded assembly
- Completed reload, in  0.742 seconds
Domain Reload Profiling:
	ReloadAssembly (742ms)
		BeginReloadAssembly (115ms)
			ExecutionOrderSort (0ms)
			DisableScriptedObjects (0ms)
			BackupInstance (0ms)
			ReleaseScriptingObjects (0ms)
			CreateAndSetChildDomain (1ms)
		EndReloadAssembly (516ms)
			LoadAssemblies (112ms)
			RebuildTransferFunctionScriptingTraits (0ms)
			SetupTypeCache (114ms)
			ReleaseScriptCaches (0ms)
			RebuildScriptCaches (28ms)
			SetupLoadedEditorAssemblies (326ms)
				LogAssemblyErrors (0ms)
				InitializePlatformSupportModulesInManaged (9ms)
				SetLoadedEditorAssemblies (0ms)
				RefreshPlugins (111ms)
				BeforeProcessingInitializeOnLoad (1ms)
				ProcessInitializeOnLoadAttributes (148ms)
				ProcessInitializeOnLoadMethodAttributes (56ms)
				AfterProcessingInitializeOnLoad (0ms)
				EditorAssembliesLoaded (0ms)
			ExecutionOrderSort2 (0ms)
			AwakeInstancesAfterBackupRestoration (0ms)
Platform modules already initialized, skipping
Registering precompiled user dll's ...
Registered in 0.009381 seconds.
Begin MonoManager ReloadAssembly
Native extension for WindowsStandalone target not found
Refreshing native plugins compatible for Editor in 113.23 ms, found 12 plugins.
Preloading 1 native plugins for Editor in 0.09 ms.
Package Manager log level set to [2]
[Package Manager] Server::EnsureServerProcessIsRunning -- launch failed, reason: Unity was launched with the -noUpm command-line argument
[Package Manager] Cannot connect to Unity Package Manager local server
[Package Manager] Server::EnsureServerProcessIsRunning -- launch failed, reason: Unity was launched with the -noUpm command-line argument
[Package Manager] Cannot connect to Unity Package Manager local server
System.Reflection.TargetInvocationException: Exception has been thrown by the target of an invocation. ---> System.NullReferenceException: Object reference not set to an instance of an object
  at Unity.XR.Oculus.OculusLoader.AssetPathToAbsolutePath (System.String assetPath) [0x0003d] in D:\1_uni\3_master_tu\2_level\virtual_reality_ue\assignment\group\vr-ue-ue3-tobi\Library\PackageCache\com.unity.xr.oculus@3.3.0\Runtime\OculusLoader.cs:282 
  at Unity.XR.Oculus.OculusLoader.EditorLoadOVRPlugin () [0x0007b] in D:\1_uni\3_master_tu\2_level\virtual_reality_ue\assignment\group\vr-ue-ue3-tobi\Library\PackageCache\com.unity.xr.oculus@3.3.0\Runtime\OculusLoader.cs:267 
  at (wrapper managed-to-native) System.Reflection.RuntimeMethodInfo.InternalInvoke(System.Reflection.RuntimeMethodInfo,object,object[],System.Exception&)
  at System.Reflection.RuntimeMethodInfo.Invoke (System.Object obj, System.Reflection.BindingFlags invokeAttr, System.Reflection.Binder binder, System.Object[] parameters, System.Globalization.CultureInfo culture) [0x0006a] in <afe256a0391e468fbcdb82154daad696>:0 
   --- End of inner exception stack trace ---
  at System.Reflection.RuntimeMethodInfo.Invoke (System.Object obj, System.Reflection.BindingFlags invokeAttr, System.Reflection.Binder binder, System.Object[] parameters, System.Globalization.CultureInfo culture) [0x00083] in <afe256a0391e468fbcdb82154daad696>:0 
  at System.Reflection.MethodBase.Invoke (System.Object obj, System.Object[] parameters) [0x00000] in <afe256a0391e468fbcdb82154daad696>:0 
  at UnityEditor.EditorAssemblies.ProcessInitializeOnLoadMethodAttributes () [0x000a5] in <273a7cbcc8d7454ea7ae78e07082aa77>:0 
UnityEngine.StackTraceUtility:ExtractStackTrace ()
UnityEngine.DebugLogHandler:LogFormat (UnityEngine.LogType,UnityEngine.Object,string,object[])
UnityEngine.Logger:Log (UnityEngine.LogType,object)
UnityEngine.Debug:LogError (object)
UnityEditor.EditorAssemblies:ProcessInitializeOnLoadMethodAttributes ()

Mono: successfully reloaded assembly
- Completed reload, in  1.858 seconds
Domain Reload Profiling:
	ReloadAssembly (1859ms)
		BeginReloadAssembly (138ms)
			ExecutionOrderSort (0ms)
			DisableScriptedObjects (7ms)
			BackupInstance (0ms)
			ReleaseScriptingObjects (0ms)
			CreateAndSetChildDomain (19ms)
		EndReloadAssembly (1602ms)
			LoadAssemblies (114ms)
			RebuildTransferFunctionScriptingTraits (0ms)
			SetupTypeCache (323ms)
			ReleaseScriptCaches (1ms)
			RebuildScriptCaches (81ms)
			SetupLoadedEditorAssemblies (1048ms)
				LogAssemblyErrors (0ms)
				InitializePlatformSupportModulesInManaged (6ms)
				SetLoadedEditorAssemblies (0ms)
				RefreshPlugins (113ms)
				BeforeProcessingInitializeOnLoad (123ms)
				ProcessInitializeOnLoadAttributes (711ms)
				ProcessInitializeOnLoadMethodAttributes (80ms)
				AfterProcessingInitializeOnLoad (14ms)
				EditorAssembliesLoaded (0ms)
			ExecutionOrderSort2 (0ms)
			AwakeInstancesAfterBackupRestoration (13ms)
Platform modules already initialized, skipping
========================================================================
Worker process is ready to serve import requests
Launched and connected shader compiler UnityShaderCompiler.exe after 0.05 seconds
Refreshing native plugins compatible for Editor in 0.84 ms, found 12 plugins.
Preloading 1 native plugins for Editor in 0.05 ms.
Unloading 4806 Unused Serialized files (Serialized files now loaded: 0)
Unloading 62 unused Assets / (47.6 KB). Loaded Objects now: 5266.
Memory consumption went from 177.3 MB to 177.3 MB.
Total: 2.916500 ms (FindLiveObjects: 0.272500 ms CreateObjectMapping: 0.151100 ms MarkObjects: 2.390600 ms  DeleteObjects: 0.101500 ms)

AssetImportParameters requested are different than current active one (requested -> active):
  custom:video-decoder-ogg-theora: a1e56fd34408186e4bbccfd4996cb3dc -> 
  custom:container-muxer-webm: aa71ff27fc2769a1b78a27578f13a17b -> 
  custom:container-demuxer-webm: 4f35f7cbe854078d1ac9338744f61a02 -> 
  custom:video-encoder-webm-vp8: eb34c28f22e8b96e1ab97ce403110664 -> 
  custom:audio-encoder-webm-vorbis: bf7c407c2cedff20999df2af8eb42d56 -> 
  custom:framework-win-MediaFoundation: 216162199b28c13a410421893ffa2e32 -> 
  custom:SearchIndexIgnoredProperties: e643bd26f0fe6173181afceb89e7c659 -> 
  custom:container-demuxer-ogg: 62fdf1f143b41e24485cea50d1cbac27 -> 
  custom:video-decoder-webm-vp8: 9c59270c3fd7afecdb556c50c9e8de78 -> 
  custom:audio-decoder-ogg-vorbis: bf7c407c2cedff20999df2af8eb42d56 -> 
========================================================================
Received Import Request.
  Time since last request: 39957.568929 seconds.
  path: Assets/ExampleAssets
  artifactKey: Guid(83b7bbecd9fac4db9824039903a1eea8) Importer(815301076,1909f56bfc062723c751e8b465ee728b)
Number of updated assets reloaded before import = 0
Start importing Assets/ExampleAssets using Guid(83b7bbecd9fac4db9824039903a1eea8) Importer(815301076,1909f56bfc062723c751e8b465ee728b)  -> (artifact id: '7e87ec44381814a26b24ab8af8480de6') in 0.013731 seconds 
Number of asset objects unloaded after import = 0
========================================================================
Received Import Request.
  Time since last request: 6.286058 seconds.
  path: Assets/OldAssets
  artifactKey: Guid(77f6c27ef570a464eb86da77454c5e1f) Importer(815301076,1909f56bfc062723c751e8b465ee728b)
Number of updated assets reloaded before import = 0
Start importing Assets/OldAssets using Guid(77f6c27ef570a464eb86da77454c5e1f) Importer(815301076,1909f56bfc062723c751e8b465ee728b)  -> (artifact id: '39b062743a2d66a6dd0c94a8ab4571a7') in 0.001945 seconds 
Number of asset objects unloaded after import = 0
========================================================================
Received Import Request.
  Time since last request: 2.240205 seconds.
  path: Assets/Oculus Hands
  artifactKey: Guid(fc418d5ed5159f24b9212a11bb97db1d) Importer(815301076,1909f56bfc062723c751e8b465ee728b)
Number of updated assets reloaded before import = 0
Start importing Assets/Oculus Hands using Guid(fc418d5ed5159f24b9212a11bb97db1d) Importer(815301076,1909f56bfc062723c751e8b465ee728b)  -> (artifact id: 'ac50a78fd0d90ed9dfa4a40b39490f92') in 0.001563 seconds 
Number of asset objects unloaded after import = 0
========================================================================
Received Import Request.
  Time since last request: 6.230044 seconds.
  path: Assets/ExampleAssets/copy.unity
  artifactKey: Guid(343f026727d51234f969a81905c14b5b) Importer(815301076,1909f56bfc062723c751e8b465ee728b)
Number of updated assets reloaded before import = 0
Start importing Assets/ExampleAssets/copy.unity using Guid(343f026727d51234f969a81905c14b5b) Importer(815301076,1909f56bfc062723c751e8b465ee728b)  -> (artifact id: 'ff7acf4f66cb23ef5dad395edc62c2ea') in 0.001705 seconds 
Number of asset objects unloaded after import = 0
========================================================================
Received Prepare
Refreshing native plugins compatible for Editor in 12.47 ms, found 12 plugins.
Preloading 1 native plugins for Editor in 0.06 ms.
Unloading 51 Unused Serialized files (Serialized files now loaded: 0)
Unloading 51 unused Assets / (22.9 KB). Loaded Objects now: 5266.
Memory consumption went from 78.6 MB to 78.6 MB.
Total: 3.555900 ms (FindLiveObjects: 0.506000 ms CreateObjectMapping: 0.184100 ms MarkObjects: 2.836000 ms  DeleteObjects: 0.028800 ms)

AssetImportParameters requested are different than current active one (requested -> active):
  custom:video-decoder-ogg-theora: a1e56fd34408186e4bbccfd4996cb3dc -> 
  custom:container-muxer-webm: aa71ff27fc2769a1b78a27578f13a17b -> 
  custom:container-demuxer-webm: 4f35f7cbe854078d1ac9338744f61a02 -> 
  custom:video-encoder-webm-vp8: eb34c28f22e8b96e1ab97ce403110664 -> 
  custom:CustomObjectIndexerAttribute: bc11b3a6c3213fcdd17b65e7da85e133 -> 
  custom:audio-encoder-webm-vorbis: bf7c407c2cedff20999df2af8eb42d56 -> 
  custom:framework-win-MediaFoundation: 216162199b28c13a410421893ffa2e32 -> 
  custom:SearchIndexIgnoredProperties: e643bd26f0fe6173181afceb89e7c659 -> 
  custom:container-demuxer-ogg: 62fdf1f143b41e24485cea50d1cbac27 -> 
  custom:video-decoder-webm-vp8: 9c59270c3fd7afecdb556c50c9e8de78 -> 
  custom:audio-decoder-ogg-vorbis: bf7c407c2cedff20999df2af8eb42d56 -> 
========================================================================
Received Import Request.
  Time since last request: 12.537788 seconds.
  path: Assets/Resources
  artifactKey: Guid(0eafeb7d84cc1b94293c3432a4c909ca) Importer(815301076,1909f56bfc062723c751e8b465ee728b)
Number of updated assets reloaded before import = 0
Start importing Assets/Resources using Guid(0eafeb7d84cc1b94293c3432a4c909ca) Importer(815301076,1909f56bfc062723c751e8b465ee728b)  -> (artifact id: '5b6dd9b4b2243525d3b32eb91150a0bd') in 0.002111 seconds 
Number of asset objects unloaded after import = 0
========================================================================
Received Import Request.
  Time since last request: 2.272809 seconds.
  path: Assets/Samples
  artifactKey: Guid(e97505d4ee2a20e4e8938fca210c9acb) Importer(815301076,1909f56bfc062723c751e8b465ee728b)
Number of updated assets reloaded before import = 0
Start importing Assets/Samples using Guid(e97505d4ee2a20e4e8938fca210c9acb) Importer(815301076,1909f56bfc062723c751e8b465ee728b)  -> (artifact id: 'a776023a8b2ec83574378250ce5e5839') in 0.001622 seconds 
Number of asset objects unloaded after import = 0
========================================================================
Received Prepare
Registering precompiled user dll's ...
Registered in 0.010289 seconds.
Begin MonoManager ReloadAssembly
Native extension for WindowsStandalone target not found
Refreshing native plugins compatible for Editor in 1.22 ms, found 12 plugins.
Preloading 1 native plugins for Editor in 0.07 ms.
[Package Manager] Server::EnsureServerProcessIsRunning -- launch failed, reason: Unity was launched with the -noUpm command-line argument
[Package Manager] Cannot connect to Unity Package Manager local server
[Package Manager] Server::EnsureServerProcessIsRunning -- launch failed, reason: Unity was launched with the -noUpm command-line argument
[Package Manager] Cannot connect to Unity Package Manager local server
[Package Manager] Server::EnsureServerProcessIsRunning -- launch failed, reason: Unity was launched with the -noUpm command-line argument
[Package Manager] Cannot connect to Unity Package Manager local server
[Package Manager] Server::EnsureServerProcessIsRunning -- launch failed, reason: Unity was launched with the -noUpm command-line argument
[Package Manager] Cannot connect to Unity Package Manager local server
System.Reflection.TargetInvocationException: Exception has been thrown by the target of an invocation. ---> System.NullReferenceException: Object reference not set to an instance of an object
  at Unity.XR.Oculus.OculusLoader.AssetPathToAbsolutePath (System.String assetPath) [0x0003d] in D:\1_uni\3_master_tu\2_level\virtual_reality_ue\assignment\group\vr-ue-ue3-tobi\Library\PackageCache\com.unity.xr.oculus@3.3.0\Runtime\OculusLoader.cs:282 
  at Unity.XR.Oculus.OculusLoader.EditorLoadOVRPlugin () [0x0007b] in D:\1_uni\3_master_tu\2_level\virtual_reality_ue\assignment\group\vr-ue-ue3-tobi\Library\PackageCache\com.unity.xr.oculus@3.3.0\Runtime\OculusLoader.cs:267 
  at (wrapper managed-to-native) System.Reflection.RuntimeMethodInfo.InternalInvoke(System.Reflection.RuntimeMethodInfo,object,object[],System.Exception&)
  at System.Reflection.RuntimeMethodInfo.Invoke (System.Object obj, System.Reflection.BindingFlags invokeAttr, System.Reflection.Binder binder, System.Object[] parameters, System.Globalization.CultureInfo culture) [0x0006a] in <afe256a0391e468fbcdb82154daad696>:0 
   --- End of inner exception stack trace ---
  at System.Reflection.RuntimeMethodInfo.Invoke (System.Object obj, System.Reflection.BindingFlags invokeAttr, System.Reflection.Binder binder, System.Object[] parameters, System.Globalization.CultureInfo culture) [0x00083] in <afe256a0391e468fbcdb82154daad696>:0 
  at System.Reflection.MethodBase.Invoke (System.Object obj, System.Object[] parameters) [0x00000] in <afe256a0391e468fbcdb82154daad696>:0 
  at UnityEditor.EditorAssemblies.ProcessInitializeOnLoadMethodAttributes () [0x000a5] in <273a7cbcc8d7454ea7ae78e07082aa77>:0 
UnityEngine.StackTraceUtility:ExtractStackTrace ()
UnityEngine.DebugLogHandler:LogFormat (UnityEngine.LogType,UnityEngine.Object,string,object[])
UnityEngine.Logger:Log (UnityEngine.LogType,object)
UnityEngine.Debug:LogError (object)
UnityEditor.EditorAssemblies:ProcessInitializeOnLoadMethodAttributes ()

Mono: successfully reloaded assembly
- Completed reload, in  1.766 seconds
Domain Reload Profiling:
	ReloadAssembly (1767ms)
		BeginReloadAssembly (177ms)
			ExecutionOrderSort (0ms)
			DisableScriptedObjects (6ms)
			BackupInstance (0ms)
			ReleaseScriptingObjects (0ms)
			CreateAndSetChildDomain (42ms)
		EndReloadAssembly (1483ms)
			LoadAssemblies (126ms)
			RebuildTransferFunctionScriptingTraits (0ms)
			SetupTypeCache (341ms)
			ReleaseScriptCaches (1ms)
			RebuildScriptCaches (56ms)
			SetupLoadedEditorAssemblies (902ms)
				LogAssemblyErrors (0ms)
				InitializePlatformSupportModulesInManaged (7ms)
				SetLoadedEditorAssemblies (1ms)
				RefreshPlugins (1ms)
				BeforeProcessingInitializeOnLoad (85ms)
				ProcessInitializeOnLoadAttributes (715ms)
				ProcessInitializeOnLoadMethodAttributes (78ms)
				AfterProcessingInitializeOnLoad (14ms)
				EditorAssembliesLoaded (0ms)
			ExecutionOrderSort2 (0ms)
			AwakeInstancesAfterBackupRestoration (15ms)
Platform modules already initialized, skipping
Refreshing native plugins compatible for Editor in 1.40 ms, found 12 plugins.
Preloading 1 native plugins for Editor in 0.08 ms.
Unloading 4765 Unused Serialized files (Serialized files now loaded: 0)
Unloading 54 unused Assets / (23.0 KB). Loaded Objects now: 5271.
Memory consumption went from 175.1 MB to 175.0 MB.
Total: 4.651400 ms (FindLiveObjects: 0.912000 ms CreateObjectMapping: 0.267700 ms MarkObjects: 3.395000 ms  DeleteObjects: 0.074900 ms)

AssetImportParameters requested are different than current active one (requested -> active):
  custom:video-decoder-ogg-theora: a1e56fd34408186e4bbccfd4996cb3dc -> 
  custom:container-muxer-webm: aa71ff27fc2769a1b78a27578f13a17b -> 
  custom:container-demuxer-webm: 4f35f7cbe854078d1ac9338744f61a02 -> 
  custom:video-encoder-webm-vp8: eb34c28f22e8b96e1ab97ce403110664 -> 
  custom:CustomObjectIndexerAttribute: bc11b3a6c3213fcdd17b65e7da85e133 -> 
  custom:audio-encoder-webm-vorbis: bf7c407c2cedff20999df2af8eb42d56 -> 
  custom:framework-win-MediaFoundation: 216162199b28c13a410421893ffa2e32 -> 
  custom:SearchIndexIgnoredProperties: e643bd26f0fe6173181afceb89e7c659 -> 
  custom:container-demuxer-ogg: 62fdf1f143b41e24485cea50d1cbac27 -> 
  custom:video-decoder-webm-vp8: 9c59270c3fd7afecdb556c50c9e8de78 -> 
  custom:audio-decoder-ogg-vorbis: bf7c407c2cedff20999df2af8eb42d56 -> 
========================================================================
Received Import Request.
  Time since last request: 57.119499 seconds.
  path: Assets/Resources/Prefabs
  artifactKey: Guid(449f09779fbf5754ea7db85f6c964d00) Importer(815301076,1909f56bfc062723c751e8b465ee728b)
Number of updated assets reloaded before import = 0
Start importing Assets/Resources/Prefabs using Guid(449f09779fbf5754ea7db85f6c964d00) Importer(815301076,1909f56bfc062723c751e8b465ee728b)  -> (artifact id: 'b006b2a01934ed6491a6f04bf5673544') in 0.014429 seconds 
Number of asset objects unloaded after import = 0
========================================================================
Received Import Request.
  Time since last request: 1.875666 seconds.
  path: Assets/Resources/Prefabs/InputData
  artifactKey: Guid(27ebc6863e08f7a4a9714ae3dcaee958) Importer(815301076,1909f56bfc062723c751e8b465ee728b)
Number of updated assets reloaded before import = 0
Start importing Assets/Resources/Prefabs/InputData using Guid(27ebc6863e08f7a4a9714ae3dcaee958) Importer(815301076,1909f56bfc062723c751e8b465ee728b)  -> (artifact id: 'fe2b2b83ad59bfcefec83f7526a8bb8e') in 0.001582 seconds 
Number of asset objects unloaded after import = 0
========================================================================
Received Import Request.
  Time since last request: 0.691251 seconds.
  path: Assets/Resources/Prefabs/InputData/DataCanvas.prefab
  artifactKey: Guid(46680e79a0f6b3e45a0cb35d18b59e91) Importer(815301076,1909f56bfc062723c751e8b465ee728b)
Number of updated assets reloaded before import = 0
Start importing Assets/Resources/Prefabs/InputData/DataCanvas.prefab using Guid(46680e79a0f6b3e45a0cb35d18b59e91) Importer(815301076,1909f56bfc062723c751e8b465ee728b)  -> (artifact id: '15abe920cf07b3c6921884fe3996bf31') in 0.090826 seconds 
Number of asset objects unloaded after import = 44
========================================================================
Received Import Request.
  Time since last request: 2.696250 seconds.
  path: Assets/Resources/Prefabs/InputData/InputData.cs
  artifactKey: Guid(ddca5a9ce6dfa084c89c4e10a5bad472) Importer(815301076,1909f56bfc062723c751e8b465ee728b)
Number of updated assets reloaded before import = 0
Start importing Assets/Resources/Prefabs/InputData/InputData.cs using Guid(ddca5a9ce6dfa084c89c4e10a5bad472) Importer(815301076,1909f56bfc062723c751e8b465ee728b)  -> (artifact id: '904f9c596322aa6507daa1dbe706e604') in 0.007905 seconds 
Number of asset objects unloaded after import = 0
========================================================================
Received Import Request.
  Time since last request: 3.021412 seconds.
  path: Assets/Resources/Prefabs/InputData/DisplayInputData.cs
  artifactKey: Guid(8ca51a205d708d74ea2534f498b1cd72) Importer(815301076,1909f56bfc062723c751e8b465ee728b)
Number of updated assets reloaded before import = 0
Start importing Assets/Resources/Prefabs/InputData/DisplayInputData.cs using Guid(8ca51a205d708d74ea2534f498b1cd72) Importer(815301076,1909f56bfc062723c751e8b465ee728b)  -> (artifact id: '50b30d3fab5dea7cd178419917dd0e51') in 0.001536 seconds 
Number of asset objects unloaded after import = 0
========================================================================
Received Import Request.
  Time since last request: 4.358844 seconds.
  path: Assets/Resources/Prefabs/Network Player.prefab
  artifactKey: Guid(eed90e1cdda6c5842a8e966f4d6ec402) Importer(815301076,1909f56bfc062723c751e8b465ee728b)
Number of updated assets reloaded before import = 0
Start importing Assets/Resources/Prefabs/Network Player.prefab using Guid(eed90e1cdda6c5842a8e966f4d6ec402) Importer(815301076,1909f56bfc062723c751e8b465ee728b)  -> (artifact id: 'c84b7a6d514299c95c4413b85de89d27') in 0.230474 seconds 
Number of asset objects unloaded after import = 277
========================================================================
Received Import Request.
  Time since last request: 20.675614 seconds.
  path: Assets/Resources/Materials
  artifactKey: Guid(9b1e42a04d3663b44bc9364db2d7a96e) Importer(815301076,1909f56bfc062723c751e8b465ee728b)
Number of updated assets reloaded before import = 0
Start importing Assets/Resources/Materials using Guid(9b1e42a04d3663b44bc9364db2d7a96e) Importer(815301076,1909f56bfc062723c751e8b465ee728b)  -> (artifact id: '0e4b58d14cc47bc592479f545332d9d4') in 0.001874 seconds 
Number of asset objects unloaded after import = 0
========================================================================
Received Import Request.
  Time since last request: 0.284244 seconds.
  path: Assets/Resources/Materials/Cans.mat
  artifactKey: Guid(030918d4eb2de804a8287b5eba8cc2cf) Importer(815301076,1909f56bfc062723c751e8b465ee728b)
Number of updated assets reloaded before import = 0
Start importing Assets/Resources/Materials/Cans.mat using Guid(030918d4eb2de804a8287b5eba8cc2cf) Importer(815301076,1909f56bfc062723c751e8b465ee728b)  -> (artifact id: '42d03ad2b906b12c65cb81e1e775f7d8') in 0.141423 seconds 
Number of asset objects unloaded after import = 1
========================================================================
Received Import Request.
  Time since last request: 0.000015 seconds.
  path: Assets/Resources/Materials/LaneMaterial.mat
  artifactKey: Guid(1b314dbc713365947a38b6dea5973ba1) Importer(815301076,1909f56bfc062723c751e8b465ee728b)
Number of updated assets reloaded before import = 0
Start importing Assets/Resources/Materials/LaneMaterial.mat using Guid(1b314dbc713365947a38b6dea5973ba1) Importer(815301076,1909f56bfc062723c751e8b465ee728b)  -> (artifact id: 'b9687af68cc56a47ffe98917f3ebb384') in 0.007576 seconds 
Number of asset objects unloaded after import = 1
========================================================================
Received Import Request.
  Time since last request: 0.000022 seconds.
  path: Assets/Resources/Materials/New Material 1.mat
  artifactKey: Guid(f4192cbc910f9a946be3287b9799a757) Importer(815301076,1909f56bfc062723c751e8b465ee728b)
Number of updated assets reloaded before import = 0
Start importing Assets/Resources/Materials/New Material 1.mat using Guid(f4192cbc910f9a946be3287b9799a757) Importer(815301076,1909f56bfc062723c751e8b465ee728b)  -> (artifact id: '96b2eb8684d1f353e1e073f6834a8a2b') in 0.006808 seconds 
Number of asset objects unloaded after import = 1
========================================================================
Received Import Request.
  Time since last request: 0.000015 seconds.
  path: Assets/Resources/Materials/Pocket.mat
  artifactKey: Guid(30ac12e04e4f39a40b2d05ba85bc9fb9) Importer(815301076,1909f56bfc062723c751e8b465ee728b)
Number of updated assets reloaded before import = 0
Start importing Assets/Resources/Materials/Pocket.mat using Guid(30ac12e04e4f39a40b2d05ba85bc9fb9) Importer(815301076,1909f56bfc062723c751e8b465ee728b)  -> (artifact id: 'dbc3e818224f9c4bbef7bfe34d2384ba') in 0.187456 seconds 
Number of asset objects unloaded after import = 1
========================================================================
Received Import Request.
  Time since last request: 0.000013 seconds.
  path: Assets/Resources/Materials/Grid.mat
  artifactKey: Guid(3f9336a53d1d2ea43895699cc52cb411) Importer(815301076,1909f56bfc062723c751e8b465ee728b)
Number of updated assets reloaded before import = 0
Start importing Assets/Resources/Materials/Grid.mat using Guid(3f9336a53d1d2ea43895699cc52cb411) Importer(815301076,1909f56bfc062723c751e8b465ee728b)  -> (artifact id: 'a8f658ccadc26e70a1c95d1455b940df') in 0.087880 seconds 
Number of asset objects unloaded after import = 2
========================================================================
Received Import Request.
  Time since last request: 0.000018 seconds.
  path: Assets/Resources/Materials/ControllerMaterial.mat
  artifactKey: Guid(b0686dd9110640f47b81055cddd194cc) Importer(815301076,1909f56bfc062723c751e8b465ee728b)
Number of updated assets reloaded before import = 0
Start importing Assets/Resources/Materials/ControllerMaterial.mat using Guid(b0686dd9110640f47b81055cddd194cc) Importer(815301076,1909f56bfc062723c751e8b465ee728b)  -> (artifact id: '2d95e578c0face764053aecaec4910a8') in 0.015360 seconds 
Number of asset objects unloaded after import = 1
========================================================================
Received Import Request.
  Time since last request: 0.000028 seconds.
  path: Assets/Resources/Materials/CubeSide.mat
  artifactKey: Guid(a52931e6857287b49ad49ab578e2073a) Importer(815301076,1909f56bfc062723c751e8b465ee728b)
Number of updated assets reloaded before import = 0
Start importing Assets/Resources/Materials/CubeSide.mat using Guid(a52931e6857287b49ad49ab578e2073a) Importer(815301076,1909f56bfc062723c751e8b465ee728b)  -> (artifact id: 'b121bbfb5c5d2cb3fa0e85e1c53bce23') in 0.156949 seconds 
Number of asset objects unloaded after import = 1
Editor requested this worker to shutdown with reason: Scaling down because of idle timeout
AssetImportWorker is now disconnected from the server
Process exiting
Exiting without the bug reporter. Application will terminate with return code 0